#! /opt/homebrew/Cellar/icarus-verilog/12.0/bin/vvp
:ivl_version "12.0 (stable)";
:ivl_delay_selection "TYPICAL";
:vpi_time_precision + 0;
:vpi_module "/opt/homebrew/Cellar/icarus-verilog/12.0/lib/ivl/system.vpi";
:vpi_module "/opt/homebrew/Cellar/icarus-verilog/12.0/lib/ivl/vhdl_sys.vpi";
:vpi_module "/opt/homebrew/Cellar/icarus-verilog/12.0/lib/ivl/vhdl_textio.vpi";
:vpi_module "/opt/homebrew/Cellar/icarus-verilog/12.0/lib/ivl/v2005_math.vpi";
:vpi_module "/opt/homebrew/Cellar/icarus-verilog/12.0/lib/ivl/va_math.vpi";
S_0x13c7042e0 .scope module, "LFSR" "LFSR" 2 4;
 .timescale 0 0;
    .port_info 0 /INPUT 1 "clk";
    .port_info 1 /INPUT 1 "rst";
    .port_info 2 /INPUT 1 "w_en";
    .port_info 3 /INPUT 1 "seed_DV";
    .port_info 4 /INPUT 16 "seed_data";
    .port_info 5 /OUTPUT 16 "LFSR_out";
    .port_info 6 /OUTPUT 1 "LFSR_done";
P_0x13c704450 .param/l "N_BITS" 0 2 4, +C4<00000000000000000000000000010000>;
L_0x13c715000 .functor BUFZ 16, v0x13c7147c0_0, C4<0000000000000000>, C4<0000000000000000>, C4<0000000000000000>;
v0x13c704680_0 .net "LFSR_done", 0 0, L_0x13c715340;  1 drivers
v0x13c714720_0 .net "LFSR_out", 15 0, L_0x13c715000;  1 drivers
v0x13c7147c0_0 .var "LFSR_reg", 16 1;
v0x13c714870_0 .var "XNOR_reg", 0 0;
v0x13c714910_0 .net *"_ivl_2", 0 0, L_0x13c7150a0;  1 drivers
L_0x130040010 .functor BUFT 1, C4<01>, C4<0>, C4<0>, C4<0>;
v0x13c7149f0_0 .net/2s *"_ivl_4", 1 0, L_0x130040010;  1 drivers
L_0x130040058 .functor BUFT 1, C4<00>, C4<0>, C4<0>, C4<0>;
v0x13c714aa0_0 .net/2s *"_ivl_6", 1 0, L_0x130040058;  1 drivers
v0x13c714b50_0 .net *"_ivl_8", 1 0, L_0x13c7151c0;  1 drivers
o0x130008190 .functor BUFZ 1, C4<z>; HiZ drive
v0x13c714c00_0 .net "clk", 0 0, o0x130008190;  0 drivers
o0x1300081c0 .functor BUFZ 1, C4<z>; HiZ drive
v0x13c714d10_0 .net "rst", 0 0, o0x1300081c0;  0 drivers
o0x1300081f0 .functor BUFZ 1, C4<z>; HiZ drive
v0x13c714da0_0 .net "seed_DV", 0 0, o0x1300081f0;  0 drivers
o0x130008220 .functor BUFZ 16, C4<zzzzzzzzzzzzzzzz>; HiZ drive
v0x13c714e40_0 .net "seed_data", 15 0, o0x130008220;  0 drivers
o0x130008250 .functor BUFZ 1, C4<z>; HiZ drive
v0x13c714ef0_0 .net "w_en", 0 0, o0x130008250;  0 drivers
E_0x13c7044d0 .event anyedge, v0x13c7147c0_0;
E_0x13c704640 .event posedge, v0x13c714c00_0;
L_0x13c7150a0 .cmp/eq 16, v0x13c7147c0_0, o0x130008220;
L_0x13c7151c0 .functor MUXZ 2, L_0x130040058, L_0x130040010, L_0x13c7150a0, C4<>;
L_0x13c715340 .part L_0x13c7151c0, 0, 1;
    .scope S_0x13c7042e0;
T_0 ;
    %pushi/vec4 0, 0, 16;
    %store/vec4 v0x13c7147c0_0, 0, 16;
    %end;
    .thread T_0;
    .scope S_0x13c7042e0;
T_1 ;
    %wait E_0x13c704640;
    %load/vec4 v0x13c714d10_0;
    %flag_set/vec4 8;
    %jmp/0xz  T_1.0, 8;
    %pushi/vec4 0, 0, 16;
    %assign/vec4 v0x13c7147c0_0, 0;
    %jmp T_1.1;
T_1.0 ;
    %load/vec4 v0x13c714ef0_0;
    %flag_set/vec4 8;
    %jmp/0xz  T_1.2, 8;
    %load/vec4 v0x13c714da0_0;
    %flag_set/vec4 8;
    %jmp/0xz  T_1.4, 8;
    %load/vec4 v0x13c714e40_0;
    %assign/vec4 v0x13c7147c0_0, 0;
    %jmp T_1.5;
T_1.4 ;
    %load/vec4 v0x13c7147c0_0;
    %parti/s 15, 0, 2;
    %load/vec4 v0x13c714870_0;
    %concat/vec4; draw_concat_vec4
    %assign/vec4 v0x13c7147c0_0, 0;
T_1.5 ;
T_1.2 ;
T_1.1 ;
    %jmp T_1;
    .thread T_1;
    .scope S_0x13c7042e0;
T_2 ;
    %wait E_0x13c7044d0;
    %pushi/vec4 16, 0, 32;
    %dup/vec4;
    %pushi/vec4 3, 0, 32;
    %cmp/u;
    %jmp/1 T_2.0, 6;
    %dup/vec4;
    %pushi/vec4 4, 0, 32;
    %cmp/u;
    %jmp/1 T_2.1, 6;
    %dup/vec4;
    %pushi/vec4 5, 0, 32;
    %cmp/u;
    %jmp/1 T_2.2, 6;
    %dup/vec4;
    %pushi/vec4 6, 0, 32;
    %cmp/u;
    %jmp/1 T_2.3, 6;
    %dup/vec4;
    %pushi/vec4 7, 0, 32;
    %cmp/u;
    %jmp/1 T_2.4, 6;
    %dup/vec4;
    %pushi/vec4 8, 0, 32;
    %cmp/u;
    %jmp/1 T_2.5, 6;
    %dup/vec4;
    %pushi/vec4 9, 0, 32;
    %cmp/u;
    %jmp/1 T_2.6, 6;
    %dup/vec4;
    %pushi/vec4 10, 0, 32;
    %cmp/u;
    %jmp/1 T_2.7, 6;
    %dup/vec4;
    %pushi/vec4 11, 0, 32;
    %cmp/u;
    %jmp/1 T_2.8, 6;
    %dup/vec4;
    %pushi/vec4 12, 0, 32;
    %cmp/u;
    %jmp/1 T_2.9, 6;
    %dup/vec4;
    %pushi/vec4 13, 0, 32;
    %cmp/u;
    %jmp/1 T_2.10, 6;
    %dup/vec4;
    %pushi/vec4 14, 0, 32;
    %cmp/u;
    %jmp/1 T_2.11, 6;
    %dup/vec4;
    %pushi/vec4 15, 0, 32;
    %cmp/u;
    %jmp/1 T_2.12, 6;
    %jmp T_2.13;
T_2.0 ;
    %load/vec4 v0x13c7147c0_0;
    %parti/s 1, 2, 3;
    %load/vec4 v0x13c7147c0_0;
    %parti/s 1, 1, 2;
    %inv;
    %xor;
    %store/vec4 v0x13c714870_0, 0, 1;
    %jmp T_2.13;
T_2.1 ;
    %load/vec4 v0x13c7147c0_0;
    %parti/s 1, 3, 3;
    %load/vec4 v0x13c7147c0_0;
    %parti/s 1, 2, 3;
    %inv;
    %xor;
    %store/vec4 v0x13c714870_0, 0, 1;
    %jmp T_2.13;
T_2.2 ;
    %load/vec4 v0x13c7147c0_0;
    %parti/s 1, 4, 4;
    %load/vec4 v0x13c7147c0_0;
    %parti/s 1, 1, 2;
    %inv;
    %xor;
    %store/vec4 v0x13c714870_0, 0, 1;
    %jmp T_2.13;
T_2.3 ;
    %load/vec4 v0x13c7147c0_0;
    %parti/s 1, 5, 4;
    %load/vec4 v0x13c7147c0_0;
    %parti/s 1, 4, 4;
    %inv;
    %xor;
    %store/vec4 v0x13c714870_0, 0, 1;
    %jmp T_2.13;
T_2.4 ;
    %load/vec4 v0x13c7147c0_0;
    %parti/s 1, 6, 4;
    %load/vec4 v0x13c7147c0_0;
    %parti/s 1, 5, 4;
    %inv;
    %xor;
    %store/vec4 v0x13c714870_0, 0, 1;
    %jmp T_2.13;
T_2.5 ;
    %load/vec4 v0x13c7147c0_0;
    %parti/s 1, 7, 4;
    %load/vec4 v0x13c7147c0_0;
    %parti/s 1, 5, 4;
    %inv;
    %xor;
    %load/vec4 v0x13c7147c0_0;
    %parti/s 1, 4, 4;
    %inv;
    %xor;
    %load/vec4 v0x13c7147c0_0;
    %parti/s 1, 3, 3;
    %inv;
    %xor;
    %store/vec4 v0x13c714870_0, 0, 1;
    %jmp T_2.13;
T_2.6 ;
    %load/vec4 v0x13c7147c0_0;
    %parti/s 1, 8, 5;
    %load/vec4 v0x13c7147c0_0;
    %parti/s 1, 4, 4;
    %inv;
    %xor;
    %store/vec4 v0x13c714870_0, 0, 1;
    %jmp T_2.13;
T_2.7 ;
    %load/vec4 v0x13c7147c0_0;
    %parti/s 1, 9, 5;
    %load/vec4 v0x13c7147c0_0;
    %parti/s 1, 6, 4;
    %inv;
    %xor;
    %store/vec4 v0x13c714870_0, 0, 1;
    %jmp T_2.13;
T_2.8 ;
    %load/vec4 v0x13c7147c0_0;
    %parti/s 1, 10, 5;
    %load/vec4 v0x13c7147c0_0;
    %parti/s 1, 8, 5;
    %inv;
    %xor;
    %store/vec4 v0x13c714870_0, 0, 1;
    %jmp T_2.13;
T_2.9 ;
    %load/vec4 v0x13c7147c0_0;
    %parti/s 1, 11, 5;
    %load/vec4 v0x13c7147c0_0;
    %parti/s 1, 5, 4;
    %inv;
    %xor;
    %load/vec4 v0x13c7147c0_0;
    %parti/s 1, 3, 3;
    %inv;
    %xor;
    %load/vec4 v0x13c7147c0_0;
    %parti/s 1, 0, 2;
    %inv;
    %xor;
    %store/vec4 v0x13c714870_0, 0, 1;
    %jmp T_2.13;
T_2.10 ;
    %load/vec4 v0x13c7147c0_0;
    %parti/s 1, 12, 5;
    %load/vec4 v0x13c7147c0_0;
    %parti/s 1, 3, 3;
    %inv;
    %xor;
    %load/vec4 v0x13c7147c0_0;
    %parti/s 1, 2, 3;
    %inv;
    %xor;
    %load/vec4 v0x13c7147c0_0;
    %parti/s 1, 0, 2;
    %inv;
    %xor;
    %store/vec4 v0x13c714870_0, 0, 1;
    %jmp T_2.13;
T_2.11 ;
    %load/vec4 v0x13c7147c0_0;
    %parti/s 1, 13, 5;
    %load/vec4 v0x13c7147c0_0;
    %parti/s 1, 4, 4;
    %inv;
    %xor;
    %load/vec4 v0x13c7147c0_0;
    %parti/s 1, 2, 3;
    %inv;
    %xor;
    %load/vec4 v0x13c7147c0_0;
    %parti/s 1, 0, 2;
    %inv;
    %xor;
    %store/vec4 v0x13c714870_0, 0, 1;
    %jmp T_2.13;
T_2.12 ;
    %load/vec4 v0x13c7147c0_0;
    %parti/s 1, 14, 5;
    %load/vec4 v0x13c7147c0_0;
    %parti/s 1, 13, 5;
    %inv;
    %xor;
    %store/vec4 v0x13c714870_0, 0, 1;
    %jmp T_2.13;
T_2.13 ;
    %pop/vec4 1;
    %jmp T_2;
    .thread T_2, $push;
# The file index is used to find the file name in the following table.
:file_names 3;
    "N/A";
    "<interactive>";
    "LFSR.v";
