
*** Running vivado
    with args -log numbers_dm.vds -m64 -product Vivado -mode batch -messageDb vivado.pb -notrace -source numbers_dm.tcl


****** Vivado v2017.4 (64-bit)
  **** SW Build 2086221 on Fri Dec 15 20:55:39 MST 2017
  **** IP Build 2085800 on Fri Dec 15 22:25:07 MST 2017
    ** Copyright 1986-2017 Xilinx, Inc. All Rights Reserved.

source numbers_dm.tcl -notrace
create_project: Time (s): cpu = 00:00:00 ; elapsed = 00:01:04 . Memory (MB): peak = 230.508 ; gain = 4.848
config_ip_cache: Time (s): cpu = 00:00:00 ; elapsed = 00:00:10 . Memory (MB): peak = 243.844 ; gain = 0.000
Command: synth_design -top numbers_dm -part xc7a35tcpg236-1 -mode out_of_context
Starting synth_design
Attempting to get a license for feature 'Synthesis' and/or device 'xc7a35t'
INFO: [Common 17-349] Got license for feature 'Synthesis' and/or device 'xc7a35t'
INFO: Launching helper process for spawning children vivado processes
INFO: Helper process launched with PID 3096 
---------------------------------------------------------------------------------
Starting RTL Elaboration : Time (s): cpu = 00:00:08 ; elapsed = 00:00:24 . Memory (MB): peak = 354.906 ; gain = 99.598
---------------------------------------------------------------------------------
INFO: [Synth 8-638] synthesizing module 'numbers_dm' [e:/Bomberman/Bomberman-Vivado/Bomberman-Vivado.srcs/sources_1/ip/numbers_dm/synth/numbers_dm.vhd:66]
	Parameter C_FAMILY bound to: artix7 - type: string 
	Parameter C_ADDR_WIDTH bound to: 11 - type: integer 
	Parameter C_DEFAULT_DATA bound to: 0 - type: string 
	Parameter C_DEPTH bound to: 1536 - type: integer 
	Parameter C_HAS_CLK bound to: 0 - type: integer 
	Parameter C_HAS_D bound to: 0 - type: integer 
	Parameter C_HAS_DPO bound to: 0 - type: integer 
	Parameter C_HAS_DPRA bound to: 0 - type: integer 
	Parameter C_HAS_I_CE bound to: 0 - type: integer 
	Parameter C_HAS_QDPO bound to: 0 - type: integer 
	Parameter C_HAS_QDPO_CE bound to: 0 - type: integer 
	Parameter C_HAS_QDPO_CLK bound to: 0 - type: integer 
	Parameter C_HAS_QDPO_RST bound to: 0 - type: integer 
	Parameter C_HAS_QDPO_SRST bound to: 0 - type: integer 
	Parameter C_HAS_QSPO bound to: 0 - type: integer 
	Parameter C_HAS_QSPO_CE bound to: 0 - type: integer 
	Parameter C_HAS_QSPO_RST bound to: 0 - type: integer 
	Parameter C_HAS_QSPO_SRST bound to: 0 - type: integer 
	Parameter C_HAS_SPO bound to: 1 - type: integer 
	Parameter C_HAS_WE bound to: 0 - type: integer 
	Parameter C_MEM_INIT_FILE bound to: numbers_dm.mif - type: string 
	Parameter C_ELABORATION_DIR bound to: ./ - type: string 
	Parameter C_MEM_TYPE bound to: 0 - type: integer 
	Parameter C_PIPELINE_STAGES bound to: 0 - type: integer 
	Parameter C_QCE_JOINED bound to: 0 - type: integer 
	Parameter C_QUALIFY_WE bound to: 0 - type: integer 
	Parameter C_READ_MIF bound to: 1 - type: integer 
	Parameter C_REG_A_D_INPUTS bound to: 0 - type: integer 
	Parameter C_REG_DPRA_INPUT bound to: 0 - type: integer 
	Parameter C_SYNC_ENABLE bound to: 1 - type: integer 
	Parameter C_WIDTH bound to: 24 - type: integer 
	Parameter C_PARSER_TYPE bound to: 1 - type: integer 
INFO: [Synth 8-3491] module 'dist_mem_gen_v8_0_12' declared at 'e:/Bomberman/Bomberman-Vivado/Bomberman-Vivado.srcs/sources_1/ip/numbers_dm/hdl/dist_mem_gen_v8_0_vhsyn_rfs.vhd:3237' bound to instance 'U0' of component 'dist_mem_gen_v8_0_12' [e:/Bomberman/Bomberman-Vivado/Bomberman-Vivado.srcs/sources_1/ip/numbers_dm/synth/numbers_dm.vhd:132]
INFO: [Synth 8-256] done synthesizing module 'numbers_dm' (4#1) [e:/Bomberman/Bomberman-Vivado/Bomberman-Vivado.srcs/sources_1/ip/numbers_dm/synth/numbers_dm.vhd:66]
WARNING: [Synth 8-3331] design rom has unconnected port qspo[23]
WARNING: [Synth 8-3331] design rom has unconnected port qspo[22]
WARNING: [Synth 8-3331] design rom has unconnected port qspo[21]
WARNING: [Synth 8-3331] design rom has unconnected port qspo[20]
WARNING: [Synth 8-3331] design rom has unconnected port qspo[19]
WARNING: [Synth 8-3331] design rom has unconnected port qspo[18]
WARNING: [Synth 8-3331] design rom has unconnected port qspo[17]
WARNING: [Synth 8-3331] design rom has unconnected port qspo[16]
WARNING: [Synth 8-3331] design rom has unconnected port qspo[15]
WARNING: [Synth 8-3331] design rom has unconnected port qspo[14]
WARNING: [Synth 8-3331] design rom has unconnected port qspo[13]
WARNING: [Synth 8-3331] design rom has unconnected port qspo[12]
WARNING: [Synth 8-3331] design rom has unconnected port qspo[11]
WARNING: [Synth 8-3331] design rom has unconnected port qspo[10]
WARNING: [Synth 8-3331] design rom has unconnected port qspo[9]
WARNING: [Synth 8-3331] design rom has unconnected port qspo[8]
WARNING: [Synth 8-3331] design rom has unconnected port qspo[7]
WARNING: [Synth 8-3331] design rom has unconnected port qspo[6]
WARNING: [Synth 8-3331] design rom has unconnected port qspo[5]
WARNING: [Synth 8-3331] design rom has unconnected port qspo[4]
WARNING: [Synth 8-3331] design rom has unconnected port qspo[3]
WARNING: [Synth 8-3331] design rom has unconnected port qspo[2]
WARNING: [Synth 8-3331] design rom has unconnected port qspo[1]
WARNING: [Synth 8-3331] design rom has unconnected port qspo[0]
WARNING: [Synth 8-3331] design rom has unconnected port clk
WARNING: [Synth 8-3331] design rom has unconnected port qspo_ce
WARNING: [Synth 8-3331] design rom has unconnected port qspo_rst
WARNING: [Synth 8-3331] design rom has unconnected port qspo_srst
WARNING: [Synth 8-3331] design dist_mem_gen_v8_0_12_synth has unconnected port dpo[23]
WARNING: [Synth 8-3331] design dist_mem_gen_v8_0_12_synth has unconnected port dpo[22]
WARNING: [Synth 8-3331] design dist_mem_gen_v8_0_12_synth has unconnected port dpo[21]
WARNING: [Synth 8-3331] design dist_mem_gen_v8_0_12_synth has unconnected port dpo[20]
WARNING: [Synth 8-3331] design dist_mem_gen_v8_0_12_synth has unconnected port dpo[19]
WARNING: [Synth 8-3331] design dist_mem_gen_v8_0_12_synth has unconnected port dpo[18]
WARNING: [Synth 8-3331] design dist_mem_gen_v8_0_12_synth has unconnected port dpo[17]
WARNING: [Synth 8-3331] design dist_mem_gen_v8_0_12_synth has unconnected port dpo[16]
WARNING: [Synth 8-3331] design dist_mem_gen_v8_0_12_synth has unconnected port dpo[15]
WARNING: [Synth 8-3331] design dist_mem_gen_v8_0_12_synth has unconnected port dpo[14]
WARNING: [Synth 8-3331] design dist_mem_gen_v8_0_12_synth has unconnected port dpo[13]
WARNING: [Synth 8-3331] design dist_mem_gen_v8_0_12_synth has unconnected port dpo[12]
WARNING: [Synth 8-3331] design dist_mem_gen_v8_0_12_synth has unconnected port dpo[11]
WARNING: [Synth 8-3331] design dist_mem_gen_v8_0_12_synth has unconnected port dpo[10]
WARNING: [Synth 8-3331] design dist_mem_gen_v8_0_12_synth has unconnected port dpo[9]
WARNING: [Synth 8-3331] design dist_mem_gen_v8_0_12_synth has unconnected port dpo[8]
WARNING: [Synth 8-3331] design dist_mem_gen_v8_0_12_synth has unconnected port dpo[7]
WARNING: [Synth 8-3331] design dist_mem_gen_v8_0_12_synth has unconnected port dpo[6]
WARNING: [Synth 8-3331] design dist_mem_gen_v8_0_12_synth has unconnected port dpo[5]
WARNING: [Synth 8-3331] design dist_mem_gen_v8_0_12_synth has unconnected port dpo[4]
WARNING: [Synth 8-3331] design dist_mem_gen_v8_0_12_synth has unconnected port dpo[3]
WARNING: [Synth 8-3331] design dist_mem_gen_v8_0_12_synth has unconnected port dpo[2]
WARNING: [Synth 8-3331] design dist_mem_gen_v8_0_12_synth has unconnected port dpo[1]
WARNING: [Synth 8-3331] design dist_mem_gen_v8_0_12_synth has unconnected port dpo[0]
WARNING: [Synth 8-3331] design dist_mem_gen_v8_0_12_synth has unconnected port qdpo[23]
WARNING: [Synth 8-3331] design dist_mem_gen_v8_0_12_synth has unconnected port qdpo[22]
WARNING: [Synth 8-3331] design dist_mem_gen_v8_0_12_synth has unconnected port qdpo[21]
WARNING: [Synth 8-3331] design dist_mem_gen_v8_0_12_synth has unconnected port qdpo[20]
WARNING: [Synth 8-3331] design dist_mem_gen_v8_0_12_synth has unconnected port qdpo[19]
WARNING: [Synth 8-3331] design dist_mem_gen_v8_0_12_synth has unconnected port qdpo[18]
WARNING: [Synth 8-3331] design dist_mem_gen_v8_0_12_synth has unconnected port qdpo[17]
WARNING: [Synth 8-3331] design dist_mem_gen_v8_0_12_synth has unconnected port qdpo[16]
WARNING: [Synth 8-3331] design dist_mem_gen_v8_0_12_synth has unconnected port qdpo[15]
WARNING: [Synth 8-3331] design dist_mem_gen_v8_0_12_synth has unconnected port qdpo[14]
WARNING: [Synth 8-3331] design dist_mem_gen_v8_0_12_synth has unconnected port qdpo[13]
WARNING: [Synth 8-3331] design dist_mem_gen_v8_0_12_synth has unconnected port qdpo[12]
WARNING: [Synth 8-3331] design dist_mem_gen_v8_0_12_synth has unconnected port qdpo[11]
WARNING: [Synth 8-3331] design dist_mem_gen_v8_0_12_synth has unconnected port qdpo[10]
WARNING: [Synth 8-3331] design dist_mem_gen_v8_0_12_synth has unconnected port qdpo[9]
WARNING: [Synth 8-3331] design dist_mem_gen_v8_0_12_synth has unconnected port qdpo[8]
WARNING: [Synth 8-3331] design dist_mem_gen_v8_0_12_synth has unconnected port qdpo[7]
WARNING: [Synth 8-3331] design dist_mem_gen_v8_0_12_synth has unconnected port qdpo[6]
WARNING: [Synth 8-3331] design dist_mem_gen_v8_0_12_synth has unconnected port qdpo[5]
WARNING: [Synth 8-3331] design dist_mem_gen_v8_0_12_synth has unconnected port qdpo[4]
WARNING: [Synth 8-3331] design dist_mem_gen_v8_0_12_synth has unconnected port qdpo[3]
WARNING: [Synth 8-3331] design dist_mem_gen_v8_0_12_synth has unconnected port qdpo[2]
WARNING: [Synth 8-3331] design dist_mem_gen_v8_0_12_synth has unconnected port qdpo[1]
WARNING: [Synth 8-3331] design dist_mem_gen_v8_0_12_synth has unconnected port qdpo[0]
WARNING: [Synth 8-3331] design dist_mem_gen_v8_0_12_synth has unconnected port d[23]
WARNING: [Synth 8-3331] design dist_mem_gen_v8_0_12_synth has unconnected port d[22]
WARNING: [Synth 8-3331] design dist_mem_gen_v8_0_12_synth has unconnected port d[21]
WARNING: [Synth 8-3331] design dist_mem_gen_v8_0_12_synth has unconnected port d[20]
WARNING: [Synth 8-3331] design dist_mem_gen_v8_0_12_synth has unconnected port d[19]
WARNING: [Synth 8-3331] design dist_mem_gen_v8_0_12_synth has unconnected port d[18]
WARNING: [Synth 8-3331] design dist_mem_gen_v8_0_12_synth has unconnected port d[17]
WARNING: [Synth 8-3331] design dist_mem_gen_v8_0_12_synth has unconnected port d[16]
WARNING: [Synth 8-3331] design dist_mem_gen_v8_0_12_synth has unconnected port d[15]
WARNING: [Synth 8-3331] design dist_mem_gen_v8_0_12_synth has unconnected port d[14]
WARNING: [Synth 8-3331] design dist_mem_gen_v8_0_12_synth has unconnected port d[13]
WARNING: [Synth 8-3331] design dist_mem_gen_v8_0_12_synth has unconnected port d[12]
WARNING: [Synth 8-3331] design dist_mem_gen_v8_0_12_synth has unconnected port d[11]
WARNING: [Synth 8-3331] design dist_mem_gen_v8_0_12_synth has unconnected port d[10]
WARNING: [Synth 8-3331] design dist_mem_gen_v8_0_12_synth has unconnected port d[9]
WARNING: [Synth 8-3331] design dist_mem_gen_v8_0_12_synth has unconnected port d[8]
WARNING: [Synth 8-3331] design dist_mem_gen_v8_0_12_synth has unconnected port d[7]
WARNING: [Synth 8-3331] design dist_mem_gen_v8_0_12_synth has unconnected port d[6]
WARNING: [Synth 8-3331] design dist_mem_gen_v8_0_12_synth has unconnected port d[5]
WARNING: [Synth 8-3331] design dist_mem_gen_v8_0_12_synth has unconnected port d[4]
WARNING: [Synth 8-3331] design dist_mem_gen_v8_0_12_synth has unconnected port d[3]
WARNING: [Synth 8-3331] design dist_mem_gen_v8_0_12_synth has unconnected port d[2]
WARNING: [Synth 8-3331] design dist_mem_gen_v8_0_12_synth has unconnected port d[1]
WARNING: [Synth 8-3331] design dist_mem_gen_v8_0_12_synth has unconnected port d[0]
INFO: [Common 17-14] Message 'Synth 8-3331' appears 100 times and further instances of the messages will be disabled. Use the Tcl command set_msg_config to change the current settings.
---------------------------------------------------------------------------------
Finished RTL Elaboration : Time (s): cpu = 00:00:51 ; elapsed = 00:03:02 . Memory (MB): peak = 970.281 ; gain = 714.973
---------------------------------------------------------------------------------

Report Check Netlist: 
+------+------------------+-------+---------+-------+------------------+
|      |Item              |Errors |Warnings |Status |Description       |
+------+------------------+-------+---------+-------+------------------+
|1     |multi_driven_nets |      0|        0|Passed |Multi driven nets |
+------+------------------+-------+---------+-------+------------------+
---------------------------------------------------------------------------------
Finished RTL Optimization Phase 1 : Time (s): cpu = 00:00:51 ; elapsed = 00:03:10 . Memory (MB): peak = 970.281 ; gain = 714.973
---------------------------------------------------------------------------------
INFO: [Device 21-403] Loading part xc7a35tcpg236-1
INFO: [Project 1-570] Preparing netlist for logic optimization

Processing XDC Constraints
Initializing timing engine
Parsing XDC File [e:/Bomberman/Bomberman-Vivado/Bomberman-Vivado.srcs/sources_1/ip/numbers_dm/numbers_dm_ooc.xdc] for cell 'U0'
Finished Parsing XDC File [e:/Bomberman/Bomberman-Vivado/Bomberman-Vivado.srcs/sources_1/ip/numbers_dm/numbers_dm_ooc.xdc] for cell 'U0'
Parsing XDC File [E:/Bomberman/Bomberman-Vivado/Bomberman-Vivado.runs/numbers_dm_synth_1/dont_touch.xdc]
Finished Parsing XDC File [E:/Bomberman/Bomberman-Vivado/Bomberman-Vivado.runs/numbers_dm_synth_1/dont_touch.xdc]
Completed Processing XDC Constraints

INFO: [Project 1-111] Unisim Transformation Summary:
No Unisim elements were transformed.

Constraint Validation Runtime : Time (s): cpu = 00:00:00 ; elapsed = 00:00:00.074 . Memory (MB): peak = 970.281 ; gain = 0.000
---------------------------------------------------------------------------------
Finished Constraint Validation : Time (s): cpu = 00:01:05 ; elapsed = 00:03:44 . Memory (MB): peak = 970.281 ; gain = 714.973
---------------------------------------------------------------------------------
---------------------------------------------------------------------------------
Start Loading Part and Timing Information
---------------------------------------------------------------------------------
Loading part: xc7a35tcpg236-1
---------------------------------------------------------------------------------
Finished Loading Part and Timing Information : Time (s): cpu = 00:01:05 ; elapsed = 00:03:44 . Memory (MB): peak = 970.281 ; gain = 714.973
---------------------------------------------------------------------------------
---------------------------------------------------------------------------------
Start Applying 'set_property' XDC Constraints
---------------------------------------------------------------------------------
Applied set_property DONT_TOUCH = true for U0. (constraint file  E:/Bomberman/Bomberman-Vivado/Bomberman-Vivado.runs/numbers_dm_synth_1/dont_touch.xdc, line 9).
---------------------------------------------------------------------------------
Finished applying 'set_property' XDC Constraints : Time (s): cpu = 00:01:05 ; elapsed = 00:03:44 . Memory (MB): peak = 970.281 ; gain = 714.973
---------------------------------------------------------------------------------
---------------------------------------------------------------------------------
Finished RTL Optimization Phase 2 : Time (s): cpu = 00:01:06 ; elapsed = 00:03:45 . Memory (MB): peak = 970.281 ; gain = 714.973
---------------------------------------------------------------------------------

Report RTL Partitions: 
+-+--------------+------------+----------+
| |RTL Partition |Replication |Instances |
+-+--------------+------------+----------+
+-+--------------+------------+----------+
---------------------------------------------------------------------------------
Start RTL Component Statistics 
---------------------------------------------------------------------------------
Detailed RTL Component Info : 
---------------------------------------------------------------------------------
Finished RTL Component Statistics 
---------------------------------------------------------------------------------
---------------------------------------------------------------------------------
Start RTL Hierarchical Component Statistics 
---------------------------------------------------------------------------------
Hierarchical RTL Component report 
---------------------------------------------------------------------------------
Finished RTL Hierarchical Component Statistics
---------------------------------------------------------------------------------
---------------------------------------------------------------------------------
Start Part Resource Summary
---------------------------------------------------------------------------------
Part Resources:
DSPs: 90 (col length:60)
BRAMs: 100 (col length: RAMB18 60 RAMB36 30)
---------------------------------------------------------------------------------
Finished Part Resource Summary
---------------------------------------------------------------------------------
---------------------------------------------------------------------------------
Start Cross Boundary and Area Optimization
---------------------------------------------------------------------------------
---------------------------------------------------------------------------------
Finished Cross Boundary and Area Optimization : Time (s): cpu = 00:01:07 ; elapsed = 00:03:49 . Memory (MB): peak = 970.281 ; gain = 714.973
---------------------------------------------------------------------------------
---------------------------------------------------------------------------------
Start ROM, RAM, DSP and Shift Register Reporting
---------------------------------------------------------------------------------

ROM:
+---------------------+--------------------------------------------------------+---------------+----------------+
|Module Name          | RTL Object                                             | Depth x Width | Implemented As | 
+---------------------+--------------------------------------------------------+---------------+----------------+
|rom                  | rom[1535]                                              | 2048x24       | LUT            | 
|dist_mem_gen_v8_0_12 | synth_options.dist_mem_inst/gen_rom.rom_inst/rom[1535] | 2048x24       | LUT            | 
+---------------------+--------------------------------------------------------+---------------+----------------+

---------------------------------------------------------------------------------
Finished ROM, RAM, DSP and Shift Register Reporting
---------------------------------------------------------------------------------

Report RTL Partitions: 
+-+--------------+------------+----------+
| |RTL Partition |Replication |Instances |
+-+--------------+------------+----------+
+-+--------------+------------+----------+
---------------------------------------------------------------------------------
Start Applying XDC Timing Constraints
---------------------------------------------------------------------------------
---------------------------------------------------------------------------------
Finished Applying XDC Timing Constraints : Time (s): cpu = 00:01:15 ; elapsed = 00:03:57 . Memory (MB): peak = 970.281 ; gain = 714.973
---------------------------------------------------------------------------------
---------------------------------------------------------------------------------
Start Timing Optimization
---------------------------------------------------------------------------------
---------------------------------------------------------------------------------
Finished Timing Optimization : Time (s): cpu = 00:01:15 ; elapsed = 00:03:57 . Memory (MB): peak = 970.281 ; gain = 714.973
---------------------------------------------------------------------------------

Report RTL Partitions: 
+-+--------------+------------+----------+
| |RTL Partition |Replication |Instances |
+-+--------------+------------+----------+
+-+--------------+------------+----------+
---------------------------------------------------------------------------------
Start Technology Mapping
---------------------------------------------------------------------------------
---------------------------------------------------------------------------------
Finished Technology Mapping : Time (s): cpu = 00:01:15 ; elapsed = 00:03:57 . Memory (MB): peak = 988.281 ; gain = 732.973
---------------------------------------------------------------------------------

Report RTL Partitions: 
+-+--------------+------------+----------+
| |RTL Partition |Replication |Instances |
+-+--------------+------------+----------+
+-+--------------+------------+----------+
---------------------------------------------------------------------------------
Start IO Insertion
---------------------------------------------------------------------------------
---------------------------------------------------------------------------------
Start Flattening Before IO Insertion
---------------------------------------------------------------------------------
---------------------------------------------------------------------------------
Finished Flattening Before IO Insertion
---------------------------------------------------------------------------------
---------------------------------------------------------------------------------
Start Final Netlist Cleanup
---------------------------------------------------------------------------------
---------------------------------------------------------------------------------
Finished Final Netlist Cleanup
---------------------------------------------------------------------------------
---------------------------------------------------------------------------------
Finished IO Insertion : Time (s): cpu = 00:01:16 ; elapsed = 00:03:58 . Memory (MB): peak = 988.281 ; gain = 732.973
---------------------------------------------------------------------------------

Report Check Netlist: 
+------+------------------+-------+---------+-------+------------------+
|      |Item              |Errors |Warnings |Status |Description       |
+------+------------------+-------+---------+-------+------------------+
|1     |multi_driven_nets |      0|        0|Passed |Multi driven nets |
+------+------------------+-------+---------+-------+------------------+
---------------------------------------------------------------------------------
Start Renaming Generated Instances
---------------------------------------------------------------------------------
---------------------------------------------------------------------------------
Finished Renaming Generated Instances : Time (s): cpu = 00:01:16 ; elapsed = 00:03:58 . Memory (MB): peak = 988.281 ; gain = 732.973
---------------------------------------------------------------------------------

Report RTL Partitions: 
+-+--------------+------------+----------+
| |RTL Partition |Replication |Instances |
+-+--------------+------------+----------+
+-+--------------+------------+----------+
---------------------------------------------------------------------------------
Start Rebuilding User Hierarchy
---------------------------------------------------------------------------------
---------------------------------------------------------------------------------
Finished Rebuilding User Hierarchy : Time (s): cpu = 00:01:16 ; elapsed = 00:03:58 . Memory (MB): peak = 988.281 ; gain = 732.973
---------------------------------------------------------------------------------
---------------------------------------------------------------------------------
Start Renaming Generated Ports
---------------------------------------------------------------------------------
---------------------------------------------------------------------------------
Finished Renaming Generated Ports : Time (s): cpu = 00:01:16 ; elapsed = 00:03:58 . Memory (MB): peak = 988.281 ; gain = 732.973
---------------------------------------------------------------------------------
---------------------------------------------------------------------------------
Start Handling Custom Attributes
---------------------------------------------------------------------------------
---------------------------------------------------------------------------------
Finished Handling Custom Attributes : Time (s): cpu = 00:01:16 ; elapsed = 00:03:58 . Memory (MB): peak = 988.281 ; gain = 732.973
---------------------------------------------------------------------------------
---------------------------------------------------------------------------------
Start Renaming Generated Nets
---------------------------------------------------------------------------------
---------------------------------------------------------------------------------
Finished Renaming Generated Nets : Time (s): cpu = 00:01:16 ; elapsed = 00:03:58 . Memory (MB): peak = 988.281 ; gain = 732.973
---------------------------------------------------------------------------------
---------------------------------------------------------------------------------
Start Writing Synthesis Report
---------------------------------------------------------------------------------

Report BlackBoxes: 
+-+--------------+----------+
| |BlackBox name |Instances |
+-+--------------+----------+
+-+--------------+----------+

Report Cell Usage: 
+------+------+------+
|      |Cell  |Count |
+------+------+------+
|1     |LUT4  |     1|
|2     |LUT5  |     3|
|3     |LUT6  |    18|
|4     |MUXF7 |     7|
+------+------+------+

Report Instance Areas: 
+------+----------------------------------+---------------------------+------+
|      |Instance                          |Module                     |Cells |
+------+----------------------------------+---------------------------+------+
|1     |top                               |                           |    29|
|2     |  U0                              |dist_mem_gen_v8_0_12       |    29|
|3     |    \synth_options.dist_mem_inst  |dist_mem_gen_v8_0_12_synth |    29|
|4     |      \gen_rom.rom_inst           |rom                        |    29|
+------+----------------------------------+---------------------------+------+
---------------------------------------------------------------------------------
Finished Writing Synthesis Report : Time (s): cpu = 00:01:16 ; elapsed = 00:03:58 . Memory (MB): peak = 988.281 ; gain = 732.973
---------------------------------------------------------------------------------
Synthesis finished with 0 errors, 0 critical warnings and 117 warnings.
Synthesis Optimization Runtime : Time (s): cpu = 00:00:17 ; elapsed = 00:03:42 . Memory (MB): peak = 988.281 ; gain = 732.973
Synthesis Optimization Complete : Time (s): cpu = 00:01:16 ; elapsed = 00:03:58 . Memory (MB): peak = 988.281 ; gain = 732.973
INFO: [Project 1-571] Translating synthesized netlist
INFO: [Netlist 29-17] Analyzing 7 Unisim elements for replacement
INFO: [Netlist 29-28] Unisim Transformation completed in 0 CPU seconds
INFO: [Project 1-570] Preparing netlist for logic optimization
INFO: [Opt 31-138] Pushed 0 inverter(s) to 0 load pin(s).
INFO: [Project 1-111] Unisim Transformation Summary:
No Unisim elements were transformed.

INFO: [Common 17-83] Releasing license: Synthesis
15 Infos, 100 Warnings, 0 Critical Warnings and 0 Errors encountered.
synth_design completed successfully
synth_design: Time (s): cpu = 00:01:18 ; elapsed = 00:05:27 . Memory (MB): peak = 1000.746 ; gain = 756.902
INFO: [Common 17-1381] The checkpoint 'E:/Bomberman/Bomberman-Vivado/Bomberman-Vivado.runs/numbers_dm_synth_1/numbers_dm.dcp' has been generated.
INFO: [Coretcl 2-1482] Added synthesis output to IP cache for IP e:/Bomberman/Bomberman-Vivado/Bomberman-Vivado.srcs/sources_1/ip/numbers_dm/numbers_dm.xci
INFO: [Coretcl 2-1174] Renamed 3 cell refs.
INFO: [Common 17-1381] The checkpoint 'E:/Bomberman/Bomberman-Vivado/Bomberman-Vivado.runs/numbers_dm_synth_1/numbers_dm.dcp' has been generated.
INFO: [runtcl-4] Executing : report_utilization -file numbers_dm_utilization_synth.rpt -pb numbers_dm_utilization_synth.pb
report_utilization: Time (s): cpu = 00:00:00 ; elapsed = 00:00:00.089 . Memory (MB): peak = 1000.746 ; gain = 0.000
INFO: [Common 17-206] Exiting Vivado at Fri Dec  1 20:22:49 2023...
