#-----------------------------------------------------------
# Vivado v2017.4 (64-bit)
# SW Build 2086221 on Fri Dec 15 20:55:39 MST 2017
# IP Build 2085800 on Fri Dec 15 22:25:07 MST 2017
# Start of session at: Tue Dec  5 17:52:10 2023
# Process ID: 21516
# Current directory: D:/Bomberman/Bomberman-Vivado
# Command line: vivado.exe -gui_launcher_event rodinguilauncherevent10824 D:\Bomberman\Bomberman-Vivado\Bomberman-Vivado.xpr
# Log file: D:/Bomberman/Bomberman-Vivado/vivado.log
# Journal file: D:/Bomberman/Bomberman-Vivado\vivado.jou
#-----------------------------------------------------------
start_gui
open_project D:/Bomberman/Bomberman-Vivado/Bomberman-Vivado.xpr
INFO: [Project 1-313] Project file moved from 'E:/Bomberman/Bomberman-Vivado' since last save.
Scanning sources...
Finished scanning sources
INFO: [IP_Flow 19-234] Refreshing IP repositories
INFO: [IP_Flow 19-1704] No user IP repositories specified
INFO: [IP_Flow 19-2313] Loaded Vivado IP repository 'C:/Xilinx/Vivado/2017.4/data/ip'.
open_project: Time (s): cpu = 00:00:04 ; elapsed = 00:00:45 . Memory (MB): peak = 880.086 ; gain = 145.852
update_compile_order -fileset sources_1
ERROR: [Vivado 12-106] *** Exception: java.lang.NullPointerException (See D:/Bomberman/Bomberman-Vivado/vivado_pid21516.debug)
exit
INFO: [Common 17-206] Exiting Vivado at Wed Dec  6 11:42:35 2023...
